<?xml version="1.0" encoding="UTF-8"?>
<!-- Generated by org.testng.reporters.JUnitXMLReporter -->
<testsuite ignored="0" hostname="Yunus_Beg" failures="1" tests="4" name="chromeTest" time="31.851" errors="0" timestamp="2024-12-20T21:12:24 IST">
  <testcase classname="testNGPack.CheckBox1" name="checkboxTest" time="0.203"/>
  <testcase classname="testNGPack.LinksTesting1" name="linktesting1" time="1.994"/>
  <testcase classname="testNGPack.RadioButton1" name="radioButtonTest" time="0.127"/>
  <testcase classname="testNGPack.TNG_002" name="amazonAction" time="0.0">
    <failure type="org.testng.TestNGException" message="
Cannot inject @Test annotated Method [amazonAction] with [class java.lang.reflect.Method, class java.lang.String].
For more information on native dependency injection please refer to https://testng.org/doc/documentation-main.html#native-dependency-injection">
      <![CDATA[org.testng.TestNGException: 
For more information on native dependency injection please refer to https://testng.org/doc/documentation-main.html#native-dependency-injection
at java.base/java.util.ArrayList.forEach(ArrayList.java:1511)
... Removed 27 stack frames]]>
    </failure>
  </testcase> <!-- amazonAction -->
</testsuite> <!-- chromeTest -->
