<?xml version="1.0" encoding="UTF-8"?>
<testng-results ignored="0" total="4" passed="4" failed="0" skipped="0">
  <reporter-output>
  </reporter-output>
  <suite started-at="2024-12-26T21:44:33 IST" name="Suite" finished-at="2024-12-26T21:44:33 IST" duration-ms="194">
    <groups>
      <group name="Regression">
        <method signature="RegisterTest1.registerWithEmptyFields(java.lang.reflect.Method)[pri:0, instance:tests.RegisterTest1@6cd28fa7]" name="registerWithEmptyFields" class="tests.RegisterTest1"/>
      </group> <!-- Regression -->
      <group name="smoke">
        <method signature="RegisterTest1.registerWithDuplicateFields(java.lang.reflect.Method)[pri:0, instance:tests.RegisterTest1@6cd28fa7]" name="registerWithDuplicateFields" class="tests.RegisterTest1"/>
        <method signature="RegisterTest1.registerWithMandotoryFields(java.lang.reflect.Method)[pri:0, instance:tests.RegisterTest1@6cd28fa7]" name="registerWithMandotoryFields" class="tests.RegisterTest1"/>
      </group> <!-- smoke -->
      <group name="sanity">
        <method signature="RegisterTest1.registerWithAllFields(java.lang.reflect.Method)[pri:0, instance:tests.RegisterTest1@6cd28fa7]" name="registerWithAllFields" class="tests.RegisterTest1"/>
      </group> <!-- sanity -->
    </groups>
    <test started-at="2024-12-26T21:44:33 IST" name="Test" finished-at="2024-12-26T21:44:33 IST" duration-ms="194">
      <class name="tests.RegisterTest1">
        <test-method signature="registerWithDuplicateFields(java.lang.reflect.Method)[pri:0, instance:tests.RegisterTest1@6cd28fa7]" started-at="2024-12-26T21:44:33 IST" name="registerWithDuplicateFields" finished-at="2024-12-26T21:44:33 IST" duration-ms="25" status="PASS">
          <params>
            <param index="0">
              <value>
                <![CDATA[public void tests.RegisterTest1.registerWithDuplicateFields(java.lang.reflect.Method)]]>
              </value>
            </param>
          </params>
          <reporter-output>
          </reporter-output>
        </test-method> <!-- registerWithDuplicateFields -->
        <test-method signature="registerWithMandotoryFields(java.lang.reflect.Method)[pri:0, instance:tests.RegisterTest1@6cd28fa7]" started-at="2024-12-26T21:44:33 IST" name="registerWithMandotoryFields" finished-at="2024-12-26T21:44:33 IST" duration-ms="37" status="PASS">
          <params>
            <param index="0">
              <value>
                <![CDATA[public void tests.RegisterTest1.registerWithMandotoryFields(java.lang.reflect.Method)]]>
              </value>
            </param>
          </params>
          <reporter-output>
          </reporter-output>
        </test-method> <!-- registerWithMandotoryFields -->
        <test-method signature="registerWithAllFields(java.lang.reflect.Method)[pri:0, instance:tests.RegisterTest1@6cd28fa7]" started-at="2024-12-26T21:44:33 IST" name="registerWithAllFields" depends-on-groups="smoke" finished-at="2024-12-26T21:44:33 IST" duration-ms="4" status="PASS">
          <params>
            <param index="0">
              <value>
                <![CDATA[public void tests.RegisterTest1.registerWithAllFields(java.lang.reflect.Method)]]>
              </value>
            </param>
          </params>
          <reporter-output>
          </reporter-output>
        </test-method> <!-- registerWithAllFields -->
        <test-method signature="registerWithEmptyFields(java.lang.reflect.Method)[pri:0, instance:tests.RegisterTest1@6cd28fa7]" started-at="2024-12-26T21:44:33 IST" name="registerWithEmptyFields" depends-on-groups="sanity" finished-at="2024-12-26T21:44:33 IST" duration-ms="2" status="PASS">
          <params>
            <param index="0">
              <value>
                <![CDATA[public void tests.RegisterTest1.registerWithEmptyFields(java.lang.reflect.Method)]]>
              </value>
            </param>
          </params>
          <reporter-output>
          </reporter-output>
        </test-method> <!-- registerWithEmptyFields -->
      </class> <!-- tests.RegisterTest1 -->
    </test> <!-- Test -->
  </suite> <!-- Suite -->
</testng-results>
