<?xml version="1.0" encoding="UTF-8"?>
<!-- Generated by org.testng.reporters.JUnitXMLReporter -->
<testsuite ignored="0" hostname="Yunus_Beg" failures="0" tests="5" name="Login" time="0.193" errors="0" timestamp="2024-12-20T22:32:38 IST">
  <testcase classname="tests.LoginTest" name="loginWithValidCredientials" time="0.012"/>
  <testcase classname="tests.LoginTest" name="loginWithInvalidUser" time="0.002"/>
  <testcase classname="tests.LoginTest" name="loginWithInvalidPassword" time="0.059"/>
  <testcase classname="tests.LoginTest" name="loginWithInvalidCredientials" time="0.008"/>
  <testcase classname="tests.LoginTest" name="loginWithEmptyFields" time="0.002"/>
</testsuite> <!-- Login -->
