<?xml version="1.0" encoding="UTF-8"?>
<!-- Generated by org.testng.reporters.JUnitXMLReporter -->
<testsuite ignored="4" hostname="Yunus_Beg" failures="0" tests="0" time="0.012" errors="0" timestamp="2024-12-26T21:20:29 IST">
  <testcase classname="tests.RegisterTest" name="registerWithEmptyFields" time="0.0">
    <ignored/>
  </testcase> <!-- registerWithEmptyFields -->
  <testcase classname="tests.RegisterTest" name="registerWithAllFields" time="0.0">
    <ignored/>
  </testcase> <!-- registerWithAllFields -->
  <testcase classname="tests.RegisterTest" name="registerWithDuplicateFields" time="0.0">
    <ignored/>
  </testcase> <!-- registerWithDuplicateFields -->
  <testcase classname="tests.RegisterTest" name="registerWithMandotoryFields" time="0.0">
    <ignored/>
  </testcase> <!-- registerWithMandotoryFields -->
</testsuite>
