<?xml version="1.0" encoding="UTF-8"?>
<!-- Generated by org.testng.reporters.JUnitXMLReporter -->
<testsuite ignored="0" hostname="Yunus_Beg" failures="0" tests="4" name="Register" time="0.198" errors="0" timestamp="2024-12-20T22:32:38 IST">
  <testcase classname="tests.RegisterTest" name="registerWithMandotoryFields" time="0.012"/>
  <testcase classname="tests.RegisterTest" name="registerWithAllFields" time="0.003"/>
  <testcase classname="tests.RegisterTest" name="registerWithDuplicateFields" time="0.06"/>
  <testcase classname="tests.RegisterTest" name="registerWithEmptyFields" time="0.005"/>
</testsuite> <!-- Register -->
