<?xml version="1.0" encoding="UTF-8"?>
<!-- Generated by org.testng.reporters.JUnitXMLReporter -->
<testsuite ignored="0" hostname="Yunus_Beg" failures="0" tests="3" name="SearchTest" time="0.07" errors="0" timestamp="2024-12-26T21:20:29 IST">
  <testcase classname="tests.SearchTest" name="searchWithValidProduct" time="0.002"/>
  <testcase classname="tests.SearchTest" name="searchWithInvalidProduct" time="0.008"/>
  <testcase classname="tests.SearchTest" name="searchWithEmptyProduct" time="0.017"/>
</testsuite> <!-- SearchTest -->
