<?xml version="1.0" encoding="UTF-8"?>
<!-- Generated by org.testng.reporters.JUnitXMLReporter -->
<testsuite ignored="0" hostname="Yunus_Beg" failures="0" tests="3" name="Search" time="0.131" errors="0" timestamp="2024-12-20T22:32:38 IST">
  <testcase classname="tests.SearchTest" name="searchWithValidProduct" time="0.012"/>
  <testcase classname="tests.SearchTest" name="searchWithInvalidProduct" time="0.013"/>
  <testcase classname="tests.SearchTest" name="searchWithEmptyProduct" time="0.013"/>
</testsuite> <!-- Search -->
