<?xml version="1.0" encoding="UTF-8"?>
<!-- Generated by org.testng.reporters.JUnitXMLReporter -->
<testsuite ignored="0" hostname="Yunus_Beg" failures="0" tests="9" name="Testone" time="0.146" errors="0" timestamp="2024-12-20T22:48:50 IST">
  <testcase classname="tests.RegisterTest" name="registerWithMandotoryFields" time="0.014"/>
  <testcase classname="tests.LoginTest" name="loginWithValidCredientials" time="0.014"/>
  <testcase classname="tests.LoginTest" name="loginWithInvalidUser" time="0.003"/>
  <testcase classname="tests.RegisterTest" name="registerWithAllFields" time="0.03"/>
  <testcase classname="tests.LoginTest" name="loginWithInvalidPassword" time="0.005"/>
  <testcase classname="tests.LoginTest" name="loginWithInvalidCredientials" time="0.007"/>
  <testcase classname="tests.RegisterTest" name="registerWithDuplicateFields" time="0.02"/>
  <testcase classname="tests.LoginTest" name="loginWithEmptyFields" time="0.007"/>
  <testcase classname="tests.RegisterTest" name="registerWithEmptyFields" time="0.01"/>
</testsuite> <!-- Testone -->
