<?xml version="1.0" encoding="UTF-8"?>
<!-- Generated by org.testng.reporters.JUnitXMLReporter -->
<testsuite ignored="0" hostname="Yunus_Beg" failures="0" tests="4" name="Test" time="0.194" errors="0" timestamp="2024-12-26T21:44:33 IST">
  <testcase classname="tests.RegisterTest1" name="registerWithDuplicateFields" time="0.025"/>
  <testcase classname="tests.RegisterTest1" name="registerWithMandotoryFields" time="0.037"/>
  <testcase classname="tests.RegisterTest1" name="registerWithAllFields" time="0.004"/>
  <testcase classname="tests.RegisterTest1" name="registerWithEmptyFields" time="0.002"/>
</testsuite> <!-- Test -->
